[debug] [2023-11-22T15:38:00.166Z] ----------------------------------------------------------------------
[debug] [2023-11-22T15:38:00.170Z] Command:       C:\Program Files\nodejs\node.exe C:\Users\acart\AppData\Roaming\npm\node_modules\firebase-tools\lib\bin\firebase.js deploy
[debug] [2023-11-22T15:38:00.171Z] CLI Version:   12.8.1
[debug] [2023-11-22T15:38:00.172Z] Platform:      win32
[debug] [2023-11-22T15:38:00.172Z] Node Version:  v18.16.0
[debug] [2023-11-22T15:38:00.173Z] Time:          Wed Nov 22 2023 10:38:00 GMT-0500 (hora estándar de Colombia)
[debug] [2023-11-22T15:38:00.173Z] ----------------------------------------------------------------------
[debug] 
[debug] [2023-11-22T15:38:00.256Z] > command requires scopes: ["email","openid","https://www.googleapis.com/auth/cloudplatformprojects.readonly","https://www.googleapis.com/auth/firebase","https://www.googleapis.com/auth/cloud-platform"]
[debug] [2023-11-22T15:38:00.257Z] > authorizing via signed-in user (proyectoparisina@gmail.com)
[debug] [2023-11-22T15:38:00.257Z] [iam] checking project parisina-4b1ec for permissions ["firebase.projects.get","firebasehosting.sites.update"]
[debug] [2023-11-22T15:38:00.258Z] > refreshing access token with scopes: []
[debug] [2023-11-22T15:38:00.260Z] >>> [apiv2][query] POST https://www.googleapis.com/oauth2/v3/token [none]
[debug] [2023-11-22T15:38:00.260Z] >>> [apiv2][body] POST https://www.googleapis.com/oauth2/v3/token [omitted]
[debug] [2023-11-22T15:38:02.699Z] *** [apiv2] error from fetch(https://www.googleapis.com/oauth2/v3/token, {"headers":{},"method":"POST","body":{"_overheadLength":545,"_valueLength":212,"_valuesToMeasure":[],"writable":false,"readable":true,"dataSize":0,"maxDataSize":2097152,"pauseStreams":true,"_released":true,"_streams":[],"_currentStream":null,"_insideLoop":false,"_pendingNext":false,"_boundary":"--------------------------566545772823050648831659","_events":{},"_eventsCount":1}}): FetchError: request to https://www.googleapis.com/oauth2/v3/token failed, reason: connect ECONNREFUSED 2607:f8b0:4008:813::200a:443
[debug] [2023-11-22T15:38:02.700Z] [iam] error while checking permissions, command may fail: FirebaseError: Authentication Error: Your credentials are no longer valid. Please run firebase login --reauth

For CI servers and headless environments, generate a new token with firebase login:ci
[debug] [2023-11-22T15:38:02.701Z] > refreshing access token with scopes: []
[debug] [2023-11-22T15:38:02.702Z] >>> [apiv2][query] POST https://www.googleapis.com/oauth2/v3/token [none]
[debug] [2023-11-22T15:38:02.702Z] >>> [apiv2][body] POST https://www.googleapis.com/oauth2/v3/token [omitted]
[debug] [2023-11-22T15:38:05.319Z] *** [apiv2] error from fetch(https://www.googleapis.com/oauth2/v3/token, {"headers":{},"method":"POST","body":{"_overheadLength":545,"_valueLength":212,"_valuesToMeasure":[],"writable":false,"readable":true,"dataSize":0,"maxDataSize":2097152,"pauseStreams":true,"_released":true,"_streams":[],"_currentStream":null,"_insideLoop":false,"_pendingNext":false,"_boundary":"--------------------------240080380317753506701005","_events":{},"_eventsCount":1}}): FetchError: request to https://www.googleapis.com/oauth2/v3/token failed, reason: connect ECONNREFUSED 2607:f8b0:4008:813::200a:443
[debug] [2023-11-22T15:38:05.319Z] Authentication Error: Your credentials are no longer valid. Please run firebase login --reauth

For CI servers and headless environments, generate a new token with firebase login:ci
[debug] [2023-11-22T15:38:07.569Z] FirebaseError: Authentication Error: Your credentials are no longer valid. Please run firebase login --reauth

For CI servers and headless environments, generate a new token with firebase login:ci
    at invalidCredentialError (C:\Users\acart\AppData\Roaming\npm\node_modules\firebase-tools\lib\auth.js:144:12)
    at refreshTokens (C:\Users\acart\AppData\Roaming\npm\node_modules\firebase-tools\lib\auth.js:508:15)
    at process.processTicksAndRejections (node:internal/process/task_queues:95:5)
    at async Client.getAccessToken (C:\Users\acart\AppData\Roaming\npm\node_modules\firebase-tools\lib\apiv2.js:149:22)
    at async Client.addAuthHeader (C:\Users\acart\AppData\Roaming\npm\node_modules\firebase-tools\lib\apiv2.js:140:21)
    at async Client.request (C:\Users\acart\AppData\Roaming\npm\node_modules\firebase-tools\lib\apiv2.js:96:34)
    at async getFirebaseProject (C:\Users\acart\AppData\Roaming\npm\node_modules\firebase-tools\lib\management\projects.js:295:21)
    at async getDefaultHostingSite (C:\Users\acart\AppData\Roaming\npm\node_modules\firebase-tools\lib\getDefaultHostingSite.js:10:21)
    at async requireHostingSite (C:\Users\acart\AppData\Roaming\npm\node_modules\firebase-tools\lib\requireHostingSite.js:9:18)
    at async Object.fn (C:\Users\acart\AppData\Roaming\npm\node_modules\firebase-tools\lib\commands\deploy.js:74:9)
[error] 
[error] Error: Failed to get Firebase project parisina-4b1ec. Please make sure the project exists and your account has permission to access it.
[debug] [2023-11-22T15:39:19.496Z] ----------------------------------------------------------------------
[debug] [2023-11-22T15:39:19.498Z] Command:       C:\Program Files\nodejs\node.exe C:\Users\acart\AppData\Roaming\npm\node_modules\firebase-tools\lib\bin\firebase.js deploy
[debug] [2023-11-22T15:39:19.499Z] CLI Version:   12.8.1
[debug] [2023-11-22T15:39:19.499Z] Platform:      win32
[debug] [2023-11-22T15:39:19.499Z] Node Version:  v18.16.0
[debug] [2023-11-22T15:39:19.500Z] Time:          Wed Nov 22 2023 10:39:19 GMT-0500 (hora estándar de Colombia)
[debug] [2023-11-22T15:39:19.501Z] ----------------------------------------------------------------------
[debug] 
[debug] [2023-11-22T15:39:19.584Z] > command requires scopes: ["email","openid","https://www.googleapis.com/auth/cloudplatformprojects.readonly","https://www.googleapis.com/auth/firebase","https://www.googleapis.com/auth/cloud-platform"]
[debug] [2023-11-22T15:39:19.585Z] > authorizing via signed-in user (proyectoparisina@gmail.com)
[debug] [2023-11-22T15:39:19.585Z] [iam] checking project parisina-4b1ec for permissions ["firebase.projects.get","firebasehosting.sites.update"]
[debug] [2023-11-22T15:39:19.586Z] > refreshing access token with scopes: []
[debug] [2023-11-22T15:39:19.588Z] >>> [apiv2][query] POST https://www.googleapis.com/oauth2/v3/token [none]
[debug] [2023-11-22T15:39:19.589Z] >>> [apiv2][body] POST https://www.googleapis.com/oauth2/v3/token [omitted]
[debug] [2023-11-22T15:39:22.096Z] *** [apiv2] error from fetch(https://www.googleapis.com/oauth2/v3/token, {"headers":{},"method":"POST","body":{"_overheadLength":545,"_valueLength":212,"_valuesToMeasure":[],"writable":false,"readable":true,"dataSize":0,"maxDataSize":2097152,"pauseStreams":true,"_released":true,"_streams":[],"_currentStream":null,"_insideLoop":false,"_pendingNext":false,"_boundary":"--------------------------322603970628199329534839","_events":{},"_eventsCount":1}}): FetchError: request to https://www.googleapis.com/oauth2/v3/token failed, reason: connect ECONNREFUSED 2607:f8b0:4008:80a::200a:443
[debug] [2023-11-22T15:39:22.097Z] [iam] error while checking permissions, command may fail: FirebaseError: Authentication Error: Your credentials are no longer valid. Please run firebase login --reauth

For CI servers and headless environments, generate a new token with firebase login:ci
[debug] [2023-11-22T15:39:22.099Z] > refreshing access token with scopes: []
[debug] [2023-11-22T15:39:22.100Z] >>> [apiv2][query] POST https://www.googleapis.com/oauth2/v3/token [none]
[debug] [2023-11-22T15:39:22.100Z] >>> [apiv2][body] POST https://www.googleapis.com/oauth2/v3/token [omitted]
[debug] [2023-11-22T15:39:24.332Z] *** [apiv2] error from fetch(https://www.googleapis.com/oauth2/v3/token, {"headers":{},"method":"POST","body":{"_overheadLength":545,"_valueLength":212,"_valuesToMeasure":[],"writable":false,"readable":true,"dataSize":0,"maxDataSize":2097152,"pauseStreams":true,"_released":true,"_streams":[],"_currentStream":null,"_insideLoop":false,"_pendingNext":false,"_boundary":"--------------------------639722306060990194557113","_events":{},"_eventsCount":1}}): FetchError: request to https://www.googleapis.com/oauth2/v3/token failed, reason: connect ECONNREFUSED 2607:f8b0:4008:80a::200a:443
[debug] [2023-11-22T15:39:24.333Z] Authentication Error: Your credentials are no longer valid. Please run firebase login --reauth

For CI servers and headless environments, generate a new token with firebase login:ci
[debug] [2023-11-22T15:39:26.989Z] FirebaseError: Authentication Error: Your credentials are no longer valid. Please run firebase login --reauth

For CI servers and headless environments, generate a new token with firebase login:ci
    at invalidCredentialError (C:\Users\acart\AppData\Roaming\npm\node_modules\firebase-tools\lib\auth.js:144:12)
    at refreshTokens (C:\Users\acart\AppData\Roaming\npm\node_modules\firebase-tools\lib\auth.js:508:15)
    at process.processTicksAndRejections (node:internal/process/task_queues:95:5)
    at async Client.getAccessToken (C:\Users\acart\AppData\Roaming\npm\node_modules\firebase-tools\lib\apiv2.js:149:22)
    at async Client.addAuthHeader (C:\Users\acart\AppData\Roaming\npm\node_modules\firebase-tools\lib\apiv2.js:140:21)
    at async Client.request (C:\Users\acart\AppData\Roaming\npm\node_modules\firebase-tools\lib\apiv2.js:96:34)
    at async getFirebaseProject (C:\Users\acart\AppData\Roaming\npm\node_modules\firebase-tools\lib\management\projects.js:295:21)
    at async getDefaultHostingSite (C:\Users\acart\AppData\Roaming\npm\node_modules\firebase-tools\lib\getDefaultHostingSite.js:10:21)
    at async requireHostingSite (C:\Users\acart\AppData\Roaming\npm\node_modules\firebase-tools\lib\requireHostingSite.js:9:18)
    at async Object.fn (C:\Users\acart\AppData\Roaming\npm\node_modules\firebase-tools\lib\commands\deploy.js:74:9)
[error] 
[error] Error: Failed to get Firebase project parisina-4b1ec. Please make sure the project exists and your account has permission to access it.
[debug] [2023-11-22T15:39:55.171Z] ----------------------------------------------------------------------
[debug] [2023-11-22T15:39:55.174Z] Command:       C:\Program Files\nodejs\node.exe C:\Users\acart\AppData\Roaming\npm\node_modules\firebase-tools\lib\bin\firebase.js deploy
[debug] [2023-11-22T15:39:55.175Z] CLI Version:   12.8.1
[debug] [2023-11-22T15:39:55.176Z] Platform:      win32
[debug] [2023-11-22T15:39:55.176Z] Node Version:  v18.16.0
[debug] [2023-11-22T15:39:55.177Z] Time:          Wed Nov 22 2023 10:39:55 GMT-0500 (hora estándar de Colombia)
[debug] [2023-11-22T15:39:55.177Z] ----------------------------------------------------------------------
[debug] 
[debug] [2023-11-22T15:39:55.250Z] > command requires scopes: ["email","openid","https://www.googleapis.com/auth/cloudplatformprojects.readonly","https://www.googleapis.com/auth/firebase","https://www.googleapis.com/auth/cloud-platform"]
[debug] [2023-11-22T15:39:55.250Z] > authorizing via signed-in user (proyectoparisina@gmail.com)
[debug] [2023-11-22T15:39:55.251Z] [iam] checking project parisina-4b1ec for permissions ["firebase.projects.get","firebasehosting.sites.update"]
[debug] [2023-11-22T15:39:55.252Z] > refreshing access token with scopes: []
[debug] [2023-11-22T15:39:55.254Z] >>> [apiv2][query] POST https://www.googleapis.com/oauth2/v3/token [none]
[debug] [2023-11-22T15:39:55.254Z] >>> [apiv2][body] POST https://www.googleapis.com/oauth2/v3/token [omitted]
[debug] [2023-11-22T15:39:57.639Z] *** [apiv2] error from fetch(https://www.googleapis.com/oauth2/v3/token, {"headers":{},"method":"POST","body":{"_overheadLength":545,"_valueLength":212,"_valuesToMeasure":[],"writable":false,"readable":true,"dataSize":0,"maxDataSize":2097152,"pauseStreams":true,"_released":true,"_streams":[],"_currentStream":null,"_insideLoop":false,"_pendingNext":false,"_boundary":"--------------------------315643381429136788317538","_events":{},"_eventsCount":1}}): FetchError: request to https://www.googleapis.com/oauth2/v3/token failed, reason: connect ECONNREFUSED 2607:f8b0:4008:80a::200a:443
[debug] [2023-11-22T15:39:57.640Z] [iam] error while checking permissions, command may fail: FirebaseError: Authentication Error: Your credentials are no longer valid. Please run firebase login --reauth

For CI servers and headless environments, generate a new token with firebase login:ci
[debug] [2023-11-22T15:39:57.642Z] > refreshing access token with scopes: []
[debug] [2023-11-22T15:39:57.643Z] >>> [apiv2][query] POST https://www.googleapis.com/oauth2/v3/token [none]
[debug] [2023-11-22T15:39:57.643Z] >>> [apiv2][body] POST https://www.googleapis.com/oauth2/v3/token [omitted]
[debug] [2023-11-22T15:40:00.036Z] *** [apiv2] error from fetch(https://www.googleapis.com/oauth2/v3/token, {"headers":{},"method":"POST","body":{"_overheadLength":545,"_valueLength":212,"_valuesToMeasure":[],"writable":false,"readable":true,"dataSize":0,"maxDataSize":2097152,"pauseStreams":true,"_released":true,"_streams":[],"_currentStream":null,"_insideLoop":false,"_pendingNext":false,"_boundary":"--------------------------087612263007643458452586","_events":{},"_eventsCount":1}}): FetchError: request to https://www.googleapis.com/oauth2/v3/token failed, reason: connect ECONNREFUSED 2607:f8b0:4008:80a::200a:443
[debug] [2023-11-22T15:40:00.036Z] Authentication Error: Your credentials are no longer valid. Please run firebase login --reauth

For CI servers and headless environments, generate a new token with firebase login:ci
[debug] [2023-11-22T15:40:02.363Z] FirebaseError: Authentication Error: Your credentials are no longer valid. Please run firebase login --reauth

For CI servers and headless environments, generate a new token with firebase login:ci
    at invalidCredentialError (C:\Users\acart\AppData\Roaming\npm\node_modules\firebase-tools\lib\auth.js:144:12)
    at refreshTokens (C:\Users\acart\AppData\Roaming\npm\node_modules\firebase-tools\lib\auth.js:508:15)
    at process.processTicksAndRejections (node:internal/process/task_queues:95:5)
    at async Client.getAccessToken (C:\Users\acart\AppData\Roaming\npm\node_modules\firebase-tools\lib\apiv2.js:149:22)
    at async Client.addAuthHeader (C:\Users\acart\AppData\Roaming\npm\node_modules\firebase-tools\lib\apiv2.js:140:21)
    at async Client.request (C:\Users\acart\AppData\Roaming\npm\node_modules\firebase-tools\lib\apiv2.js:96:34)
    at async getFirebaseProject (C:\Users\acart\AppData\Roaming\npm\node_modules\firebase-tools\lib\management\projects.js:295:21)
    at async getDefaultHostingSite (C:\Users\acart\AppData\Roaming\npm\node_modules\firebase-tools\lib\getDefaultHostingSite.js:10:21)
    at async requireHostingSite (C:\Users\acart\AppData\Roaming\npm\node_modules\firebase-tools\lib\requireHostingSite.js:9:18)
    at async Object.fn (C:\Users\acart\AppData\Roaming\npm\node_modules\firebase-tools\lib\commands\deploy.js:74:9)
[error] 
[error] Error: Failed to get Firebase project parisina-4b1ec. Please make sure the project exists and your account has permission to access it.
